{'window': 5, 'pool_size': 5, 'fraction_fit': 1, 'fraction_evaluate': 0, 'malicious_clients': 2, 'min_fit_clients': 5, 'min_evaluate_clients': 0, 'magnitude': 0, 'warmup_rounds': 5, 'to_keep': 3, 'threshold': 1e-05, 'attack_name': 'lie', 'strategy_name': 'flanders', 'dataset_name': 'mnist', 'num_rounds': 100, 'sampling': 50}
sample size: 5
num m: 2
[2m[36m(launch_and_fit pid=86103)[0m Epoch [1/1], Step [100/375], Loss: 0.4584
[2m[36m(launch_and_fit pid=86103)[0m Epoch [1/1], Step [200/375], Loss: 0.1865
[2m[36m(launch_and_fit pid=86103)[0m Epoch [1/1], Step [300/375], Loss: 0.2310
[2m[36m(launch_and_fit pid=86102)[0m Epoch [1/1], Step [100/375], Loss: 0.2216
[2m[36m(launch_and_fit pid=86100)[0m Epoch [1/1], Step [100/375], Loss: 0.2934
[2m[36m(launch_and_fit pid=86101)[0m Epoch [1/1], Step [100/375], Loss: 0.5174
[2m[36m(launch_and_fit pid=86100)[0m Epoch [1/1], Step [200/375], Loss: 0.2802
[2m[36m(launch_and_fit pid=86101)[0m Epoch [1/1], Step [200/375], Loss: 0.4364
[2m[36m(launch_and_fit pid=86102)[0m Epoch [1/1], Step [200/375], Loss: 0.3282
[2m[36m(launch_and_fit pid=86103)[0m Epoch [1/1], Step [100/375], Loss: 0.1882
[2m[36m(launch_and_fit pid=86100)[0m Epoch [1/1], Step [300/375], Loss: 0.1628
[2m[36m(launch_and_fit pid=86101)[0m Epoch [1/1], Step [300/375], Loss: 0.3468
[2m[36m(launch_and_fit pid=86102)[0m Epoch [1/1], Step [300/375], Loss: 0.2759
[2m[36m(launch_and_fit pid=86103)[0m Epoch [1/1], Step [200/375], Loss: 0.1537
[2m[36m(launch_and_fit pid=86103)[0m Epoch [1/1], Step [300/375], Loss: 0.1639
FAILURES:  []
sample size: 5
num m: 2
[2m[36m(launch_and_fit pid=86102)[0m Epoch [1/1], Step [100/375], Loss: 0.1698
[2m[36m(launch_and_fit pid=86101)[0m Epoch [1/1], Step [100/375], Loss: 0.2150
[2m[36m(launch_and_fit pid=86103)[0m Epoch [1/1], Step [100/375], Loss: 0.0347
[2m[36m(launch_and_fit pid=86100)[0m Epoch [1/1], Step [100/375], Loss: 0.4578
[2m[36m(launch_and_fit pid=86102)[0m Epoch [1/1], Step [200/375], Loss: 0.3546
[2m[36m(launch_and_fit pid=86100)[0m Epoch [1/1], Step [200/375], Loss: 0.2868
[2m[36m(launch_and_fit pid=86101)[0m Epoch [1/1], Step [200/375], Loss: 0.1382
[2m[36m(launch_and_fit pid=86103)[0m Epoch [1/1], Step [200/375], Loss: 0.2410
[2m[36m(launch_and_fit pid=86102)[0m Epoch [1/1], Step [300/375], Loss: 0.0739
[2m[36m(launch_and_fit pid=86101)[0m Epoch [1/1], Step [300/375], Loss: 0.1483
[2m[36m(launch_and_fit pid=86100)[0m Epoch [1/1], Step [300/375], Loss: 0.1430
[2m[36m(launch_and_fit pid=86103)[0m Epoch [1/1], Step [300/375], Loss: 0.2169
[2m[36m(launch_and_fit pid=86102)[0m Epoch [1/1], Step [100/375], Loss: 0.2581
[2m[36m(launch_and_fit pid=86102)[0m Epoch [1/1], Step [200/375], Loss: 0.2559
[2m[36m(launch_and_fit pid=86102)[0m Epoch [1/1], Step [300/375], Loss: 0.0549
FAILURES:  []
sample size: 5
num m: 2
[2m[36m(launch_and_fit pid=86102)[0m Epoch [1/1], Step [100/375], Loss: 0.0907
[2m[36m(launch_and_fit pid=86100)[0m Epoch [1/1], Step [100/375], Loss: 0.0840
[2m[36m(launch_and_fit pid=86101)[0m Epoch [1/1], Step [100/375], Loss: 0.0200
[2m[36m(launch_and_fit pid=86103)[0m Epoch [1/1], Step [100/375], Loss: 0.1078
[2m[36m(launch_and_fit pid=86102)[0m Epoch [1/1], Step [200/375], Loss: 0.0540
[2m[36m(launch_and_fit pid=86100)[0m Epoch [1/1], Step [200/375], Loss: 0.1856
[2m[36m(launch_and_fit pid=86101)[0m Epoch [1/1], Step [200/375], Loss: 0.1404
[2m[36m(launch_and_fit pid=86103)[0m Epoch [1/1], Step [200/375], Loss: 0.0462
[2m[36m(launch_and_fit pid=86102)[0m Epoch [1/1], Step [300/375], Loss: 0.4654
[2m[36m(launch_and_fit pid=86101)[0m Epoch [1/1], Step [300/375], Loss: 0.1247
[2m[36m(launch_and_fit pid=86100)[0m Epoch [1/1], Step [300/375], Loss: 0.0500
[2m[36m(launch_and_fit pid=86103)[0m Epoch [1/1], Step [300/375], Loss: 0.2964
[2m[36m(launch_and_fit pid=86101)[0m Epoch [1/1], Step [100/375], Loss: 0.0481
[2m[36m(launch_and_fit pid=86101)[0m Epoch [1/1], Step [200/375], Loss: 0.3003
[2m[36m(launch_and_fit pid=86101)[0m Epoch [1/1], Step [300/375], Loss: 0.0375
FAILURES:  []
sample size: 5
num m: 2
[2m[36m(launch_and_fit pid=86100)[0m Epoch [1/1], Step [100/375], Loss: 0.0668
[2m[36m(launch_and_fit pid=86101)[0m Epoch [1/1], Step [100/375], Loss: 0.1843
[2m[36m(launch_and_fit pid=86103)[0m Epoch [1/1], Step [100/375], Loss: 0.3787
[2m[36m(launch_and_fit pid=86102)[0m Epoch [1/1], Step [100/375], Loss: 0.1802
[2m[36m(launch_and_fit pid=86103)[0m Epoch [1/1], Step [200/375], Loss: 0.1882
[2m[36m(launch_and_fit pid=86100)[0m Epoch [1/1], Step [200/375], Loss: 0.0972
[2m[36m(launch_and_fit pid=86101)[0m Epoch [1/1], Step [200/375], Loss: 0.0294
[2m[36m(launch_and_fit pid=86102)[0m Epoch [1/1], Step [200/375], Loss: 0.0689
[2m[36m(launch_and_fit pid=86103)[0m Epoch [1/1], Step [300/375], Loss: 0.0169
[2m[36m(launch_and_fit pid=86100)[0m Epoch [1/1], Step [300/375], Loss: 0.0081
[2m[36m(launch_and_fit pid=86101)[0m Epoch [1/1], Step [300/375], Loss: 0.0350
[2m[36m(launch_and_fit pid=86102)[0m Epoch [1/1], Step [300/375], Loss: 0.1224
[2m[36m(launch_and_fit pid=86103)[0m Epoch [1/1], Step [100/375], Loss: 0.0125
[2m[36m(launch_and_fit pid=86103)[0m Epoch [1/1], Step [200/375], Loss: 0.1301
[2m[36m(launch_and_fit pid=86103)[0m Epoch [1/1], Step [300/375], Loss: 0.0656
FAILURES:  []
sample size: 5
num m: 2
[2m[36m(launch_and_fit pid=86101)[0m Epoch [1/1], Step [100/375], Loss: 0.0920
[2m[36m(launch_and_fit pid=86103)[0m Epoch [1/1], Step [100/375], Loss: 0.1580
[2m[36m(launch_and_fit pid=86102)[0m Epoch [1/1], Step [100/375], Loss: 0.0199
[2m[36m(launch_and_fit pid=86100)[0m Epoch [1/1], Step [100/375], Loss: 0.0286
[2m[36m(launch_and_fit pid=86101)[0m Epoch [1/1], Step [200/375], Loss: 0.1614
[2m[36m(launch_and_fit pid=86102)[0m Epoch [1/1], Step [200/375], Loss: 0.0271
[2m[36m(launch_and_fit pid=86103)[0m Epoch [1/1], Step [200/375], Loss: 0.0172
[2m[36m(launch_and_fit pid=86100)[0m Epoch [1/1], Step [200/375], Loss: 0.0540
[2m[36m(launch_and_fit pid=86101)[0m Epoch [1/1], Step [300/375], Loss: 0.0753
[2m[36m(launch_and_fit pid=86102)[0m Epoch [1/1], Step [300/375], Loss: 0.0723
[2m[36m(launch_and_fit pid=86103)[0m Epoch [1/1], Step [300/375], Loss: 0.2283
[2m[36m(launch_and_fit pid=86100)[0m Epoch [1/1], Step [300/375], Loss: 0.0757
[2m[36m(launch_and_fit pid=86101)[0m Epoch [1/1], Step [100/375], Loss: 0.1084
[2m[36m(launch_and_fit pid=86101)[0m Epoch [1/1], Step [200/375], Loss: 0.2277
[2m[36m(launch_and_fit pid=86101)[0m Epoch [1/1], Step [300/375], Loss: 0.0774
FAILURES:  []
sample size: 5
num m: 2
[2m[36m(launch_and_fit pid=86102)[0m Epoch [1/1], Step [100/375], Loss: 0.2261
[2m[36m(launch_and_fit pid=86101)[0m Epoch [1/1], Step [100/375], Loss: 0.2049
[2m[36m(launch_and_fit pid=86103)[0m Epoch [1/1], Step [100/375], Loss: 0.1728
[2m[36m(launch_and_fit pid=86100)[0m Epoch [1/1], Step [100/375], Loss: 0.0858
[2m[36m(launch_and_fit pid=86102)[0m Epoch [1/1], Step [200/375], Loss: 0.0364
[2m[36m(launch_and_fit pid=86101)[0m Epoch [1/1], Step [200/375], Loss: 0.0530
[2m[36m(launch_and_fit pid=86103)[0m Epoch [1/1], Step [200/375], Loss: 0.0315
[2m[36m(launch_and_fit pid=86100)[0m Epoch [1/1], Step [200/375], Loss: 0.1819
[2m[36m(launch_and_fit pid=86102)[0m Epoch [1/1], Step [300/375], Loss: 0.0489
[2m[36m(launch_and_fit pid=86101)[0m Epoch [1/1], Step [300/375], Loss: 0.0431
[2m[36m(launch_and_fit pid=86103)[0m Epoch [1/1], Step [300/375], Loss: 0.0226
[2m[36m(launch_and_fit pid=86100)[0m Epoch [1/1], Step [300/375], Loss: 0.0266
[2m[36m(launch_and_fit pid=86101)[0m Epoch [1/1], Step [100/375], Loss: 0.0173
[2m[36m(launch_and_fit pid=86101)[0m Epoch [1/1], Step [200/375], Loss: 0.0262
[2m[36m(launch_and_fit pid=86101)[0m Epoch [1/1], Step [300/375], Loss: 0.0452
FAILURES:  []
ALS iterations:  100
Anomaly scores:  [0.2035361  0.33872448 0.29763692 0.23101541 0.23236392]
Kept clients: 
[0, 3, 4]
Clients: 
{0: False, 1: True, 2: True, 3: False, 4: False}
sample size: 5
num m: 2
[2m[36m(launch_and_fit pid=86100)[0m Epoch [1/1], Step [100/375], Loss: 0.1598
[2m[36m(launch_and_fit pid=86101)[0m Epoch [1/1], Step [100/375], Loss: 0.0530
[2m[36m(launch_and_fit pid=86102)[0m Epoch [1/1], Step [100/375], Loss: 0.0015
[2m[36m(launch_and_fit pid=86103)[0m Epoch [1/1], Step [100/375], Loss: 0.1587
[2m[36m(launch_and_fit pid=86101)[0m Epoch [1/1], Step [200/375], Loss: 0.1269
[2m[36m(launch_and_fit pid=86100)[0m Epoch [1/1], Step [200/375], Loss: 0.0646
[2m[36m(launch_and_fit pid=86102)[0m Epoch [1/1], Step [200/375], Loss: 0.1456
[2m[36m(launch_and_fit pid=86103)[0m Epoch [1/1], Step [200/375], Loss: 0.1185
[2m[36m(launch_and_fit pid=86102)[0m Epoch [1/1], Step [300/375], Loss: 0.0421
[2m[36m(launch_and_fit pid=86100)[0m Epoch [1/1], Step [300/375], Loss: 0.0126
[2m[36m(launch_and_fit pid=86101)[0m Epoch [1/1], Step [300/375], Loss: 0.0881
[2m[36m(launch_and_fit pid=86103)[0m Epoch [1/1], Step [300/375], Loss: 0.0149
[2m[36m(launch_and_fit pid=86101)[0m Epoch [1/1], Step [100/375], Loss: 0.0357
[2m[36m(launch_and_fit pid=86101)[0m Epoch [1/1], Step [200/375], Loss: 0.0747
[2m[36m(launch_and_fit pid=86101)[0m Epoch [1/1], Step [300/375], Loss: 0.0083
FAILURES:  []
ALS iterations:  100
Anomaly scores:  [0.24841847 0.37102195 0.35470824 0.23825047 0.25892791]
Kept clients: 
[0, 3, 4]
Clients: 
{3: False, 0: False, 1: True, 4: False, 2: True}
sample size: 5
num m: 2
[2m[36m(launch_and_fit pid=86101)[0m Epoch [1/1], Step [100/375], Loss: 0.1097
[2m[36m(launch_and_fit pid=86100)[0m Epoch [1/1], Step [100/375], Loss: 0.0490
[2m[36m(launch_and_fit pid=86103)[0m Epoch [1/1], Step [100/375], Loss: 0.0165
[2m[36m(launch_and_fit pid=86102)[0m Epoch [1/1], Step [100/375], Loss: 0.1476
[2m[36m(launch_and_fit pid=86101)[0m Epoch [1/1], Step [200/375], Loss: 0.0114
[2m[36m(launch_and_fit pid=86100)[0m Epoch [1/1], Step [200/375], Loss: 0.0798
[2m[36m(launch_and_fit pid=86103)[0m Epoch [1/1], Step [200/375], Loss: 0.0295
[2m[36m(launch_and_fit pid=86102)[0m Epoch [1/1], Step [200/375], Loss: 0.0173
[2m[36m(launch_and_fit pid=86101)[0m Epoch [1/1], Step [300/375], Loss: 0.2902
[2m[36m(launch_and_fit pid=86102)[0m Epoch [1/1], Step [300/375], Loss: 0.1154
[2m[36m(launch_and_fit pid=86100)[0m Epoch [1/1], Step [300/375], Loss: 0.0854
[2m[36m(launch_and_fit pid=86103)[0m Epoch [1/1], Step [300/375], Loss: 0.0934
