Accuracy of the network on the 10000 test images: 0.0737
sample size: 10
num m: 4
[2m[36m(launch_and_fit pid=21028)[0m CLIENT CONFIG {'epochs': 1, 'batch_size': 64, 'malicious': True, 'magnitude': 10, 'id': 2}
[2m[36m(launch_and_fit pid=21026)[0m CLIENT CONFIG {'epochs': 1, 'batch_size': 64, 'malicious': False, 'id': 4}
[2m[36m(launch_and_fit pid=21025)[0m CLIENT CONFIG {'epochs': 1, 'batch_size': 64, 'malicious': True, 'magnitude': 10, 'id': 0}
[2m[36m(launch_and_fit pid=21027)[0m CLIENT CONFIG {'epochs': 1, 'batch_size': 64, 'malicious': True, 'magnitude': 10, 'id': 3}
[2m[36m(launch_and_fit pid=21028)[0m CLIENT CONFIG {'epochs': 1, 'batch_size': 64, 'malicious': True, 'magnitude': 10, 'id': 1}
[2m[36m(launch_and_fit pid=21026)[0m CLIENT CONFIG {'epochs': 1, 'batch_size': 64, 'malicious': False, 'id': 5}
[2m[36m(launch_and_fit pid=21025)[0m CLIENT CONFIG {'epochs': 1, 'batch_size': 64, 'malicious': False, 'id': 6}
[2m[36m(launch_and_fit pid=21027)[0m CLIENT CONFIG {'epochs': 1, 'batch_size': 64, 'malicious': False, 'id': 9}
[2m[36m(launch_and_fit pid=21028)[0m CLIENT CONFIG {'epochs': 1, 'batch_size': 64, 'malicious': False, 'id': 8}
[2m[36m(launch_and_fit pid=21026)[0m CLIENT CONFIG {'epochs': 1, 'batch_size': 64, 'malicious': False, 'id': 7}
Accuracy of the network on the 10000 test images: 0.843
[2m[36m(launch_and_evaluate pid=21028)[0m Accuracy of the network on the 10000 test images: 0.9
[2m[36m(launch_and_evaluate pid=21026)[0m Accuracy of the network on the 10000 test images: 0.937
[2m[36m(launch_and_evaluate pid=21025)[0m Accuracy of the network on the 10000 test images: 0.896
[2m[36m(launch_and_evaluate pid=21027)[0m Accuracy of the network on the 10000 test images: 0.928
[2m[36m(launch_and_evaluate pid=21028)[0m Accuracy of the network on the 10000 test images: 0.92
[2m[36m(launch_and_evaluate pid=21026)[0m Accuracy of the network on the 10000 test images: 0.912
[2m[36m(launch_and_evaluate pid=21025)[0m Accuracy of the network on the 10000 test images: 0.923
[2m[36m(launch_and_evaluate pid=21027)[0m Accuracy of the network on the 10000 test images: 0.906
sample size: 10
num m: 4
[2m[36m(launch_and_evaluate pid=21028)[0m Accuracy of the network on the 10000 test images: 0.913
[2m[36m(launch_and_evaluate pid=21026)[0m Accuracy of the network on the 10000 test images: 0.922
[2m[36m(launch_and_fit pid=21026)[0m CLIENT CONFIG {'epochs': 1, 'batch_size': 64, 'malicious': True, 'magnitude': 10, 'id': 1}
[2m[36m(launch_and_fit pid=21028)[0m CLIENT CONFIG {'epochs': 1, 'batch_size': 64, 'malicious': True, 'magnitude': 10, 'id': 0}
[2m[36m(launch_and_fit pid=21025)[0m CLIENT CONFIG {'epochs': 1, 'batch_size': 64, 'malicious': True, 'magnitude': 10, 'id': 2}
[2m[36m(launch_and_fit pid=21027)[0m CLIENT CONFIG {'epochs': 1, 'batch_size': 64, 'malicious': False, 'id': 4}
[2m[36m(launch_and_fit pid=21025)[0m CLIENT CONFIG {'epochs': 1, 'batch_size': 64, 'malicious': True, 'magnitude': 10, 'id': 3}
[2m[36m(launch_and_fit pid=21028)[0m CLIENT CONFIG {'epochs': 1, 'batch_size': 64, 'malicious': False, 'id': 5}
[2m[36m(launch_and_fit pid=21026)[0m CLIENT CONFIG {'epochs': 1, 'batch_size': 64, 'malicious': False, 'id': 6}
[2m[36m(launch_and_fit pid=21027)[0m CLIENT CONFIG {'epochs': 1, 'batch_size': 64, 'malicious': False, 'id': 8}
[2m[36m(launch_and_fit pid=21025)[0m CLIENT CONFIG {'epochs': 1, 'batch_size': 64, 'malicious': False, 'id': 7}
[2m[36m(launch_and_fit pid=21026)[0m CLIENT CONFIG {'epochs': 1, 'batch_size': 64, 'malicious': False, 'id': 9}
Accuracy of the network on the 10000 test images: 0.8074
[2m[36m(launch_and_evaluate pid=21028)[0m Accuracy of the network on the 10000 test images: 0.921
[2m[36m(launch_and_evaluate pid=21025)[0m Accuracy of the network on the 10000 test images: 0.947
[2m[36m(launch_and_evaluate pid=21027)[0m Accuracy of the network on the 10000 test images: 0.937
[2m[36m(launch_and_evaluate pid=21026)[0m Accuracy of the network on the 10000 test images: 0.923
[2m[36m(launch_and_evaluate pid=21026)[0m Accuracy of the network on the 10000 test images: 0.929
[2m[36m(launch_and_evaluate pid=21025)[0m Accuracy of the network on the 10000 test images: 0.942
[2m[36m(launch_and_evaluate pid=21027)[0m Accuracy of the network on the 10000 test images: 0.926
[2m[36m(launch_and_evaluate pid=21028)[0m Accuracy of the network on the 10000 test images: 0.938
sample size: 10
num m: 4
[2m[36m(launch_and_evaluate pid=21026)[0m Accuracy of the network on the 10000 test images: 0.941
[2m[36m(launch_and_evaluate pid=21025)[0m Accuracy of the network on the 10000 test images: 0.948
[2m[36m(launch_and_fit pid=21025)[0m CLIENT CONFIG {'epochs': 1, 'batch_size': 64, 'malicious': True, 'magnitude': 10, 'id': 1}
[2m[36m(launch_and_fit pid=21027)[0m CLIENT CONFIG {'epochs': 1, 'batch_size': 64, 'malicious': False, 'id': 4}
[2m[36m(launch_and_fit pid=21028)[0m CLIENT CONFIG {'epochs': 1, 'batch_size': 64, 'malicious': True, 'magnitude': 10, 'id': 0}
[2m[36m(launch_and_fit pid=21026)[0m CLIENT CONFIG {'epochs': 1, 'batch_size': 64, 'malicious': True, 'magnitude': 10, 'id': 2}
[2m[36m(launch_and_fit pid=21027)[0m CLIENT CONFIG {'epochs': 1, 'batch_size': 64, 'malicious': False, 'id': 5}
[2m[36m(launch_and_fit pid=21028)[0m CLIENT CONFIG {'epochs': 1, 'batch_size': 64, 'malicious': False, 'id': 6}
[2m[36m(launch_and_fit pid=21025)[0m CLIENT CONFIG {'epochs': 1, 'batch_size': 64, 'malicious': True, 'magnitude': 10, 'id': 3}
[2m[36m(launch_and_fit pid=21026)[0m CLIENT CONFIG {'epochs': 1, 'batch_size': 64, 'malicious': False, 'id': 7}
[2m[36m(launch_and_fit pid=21027)[0m CLIENT CONFIG {'epochs': 1, 'batch_size': 64, 'malicious': False, 'id': 9}
[2m[36m(launch_and_fit pid=21025)[0m CLIENT CONFIG {'epochs': 1, 'batch_size': 64, 'malicious': False, 'id': 8}
Accuracy of the network on the 10000 test images: 0.8096
[2m[36m(launch_and_evaluate pid=21028)[0m Accuracy of the network on the 10000 test images: 0.946
[2m[36m(launch_and_evaluate pid=21026)[0m Accuracy of the network on the 10000 test images: 0.934
[2m[36m(launch_and_evaluate pid=21025)[0m Accuracy of the network on the 10000 test images: 0.947
[2m[36m(launch_and_evaluate pid=21027)[0m Accuracy of the network on the 10000 test images: 0.957
[2m[36m(launch_and_evaluate pid=21028)[0m Accuracy of the network on the 10000 test images: 0.941
[2m[36m(launch_and_evaluate pid=21026)[0m Accuracy of the network on the 10000 test images: 0.939
[2m[36m(launch_and_evaluate pid=21025)[0m Accuracy of the network on the 10000 test images: 0.936
[2m[36m(launch_and_evaluate pid=21027)[0m Accuracy of the network on the 10000 test images: 0.95
[2m[36m(launch_and_evaluate pid=21025)[0m Accuracy of the network on the 10000 test images: 0.959
sample size: 10
num m: 4
[2m[36m(launch_and_evaluate pid=21026)[0m Accuracy of the network on the 10000 test images: 0.932
[2m[36m(launch_and_fit pid=21026)[0m CLIENT CONFIG {'epochs': 1, 'batch_size': 64, 'malicious': True, 'magnitude': 10, 'id': 0}
[2m[36m(launch_and_fit pid=21025)[0m CLIENT CONFIG {'epochs': 1, 'batch_size': 64, 'malicious': True, 'magnitude': 10, 'id': 2}
[2m[36m(launch_and_fit pid=21027)[0m CLIENT CONFIG {'epochs': 1, 'batch_size': 64, 'malicious': True, 'magnitude': 10, 'id': 1}
[2m[36m(launch_and_fit pid=21028)[0m CLIENT CONFIG {'epochs': 1, 'batch_size': 64, 'malicious': True, 'magnitude': 10, 'id': 3}
[2m[36m(launch_and_fit pid=21026)[0m CLIENT CONFIG {'epochs': 1, 'batch_size': 64, 'malicious': False, 'id': 6}
[2m[36m(launch_and_fit pid=21025)[0m CLIENT CONFIG {'epochs': 1, 'batch_size': 64, 'malicious': False, 'id': 4}
[2m[36m(launch_and_fit pid=21028)[0m CLIENT CONFIG {'epochs': 1, 'batch_size': 64, 'malicious': False, 'id': 7}
[2m[36m(launch_and_fit pid=21027)[0m CLIENT CONFIG {'epochs': 1, 'batch_size': 64, 'malicious': False, 'id': 5}
[2m[36m(launch_and_fit pid=21026)[0m CLIENT CONFIG {'epochs': 1, 'batch_size': 64, 'malicious': False, 'id': 9}
[2m[36m(launch_and_fit pid=21025)[0m CLIENT CONFIG {'epochs': 1, 'batch_size': 64, 'malicious': False, 'id': 8}
Accuracy of the network on the 10000 test images: 0.6376
[2m[36m(launch_and_evaluate pid=21028)[0m Accuracy of the network on the 10000 test images: 0.931
[2m[36m(launch_and_evaluate pid=21026)[0m Accuracy of the network on the 10000 test images: 0.956
[2m[36m(launch_and_evaluate pid=21025)[0m Accuracy of the network on the 10000 test images: 0.938
[2m[36m(launch_and_evaluate pid=21027)[0m Accuracy of the network on the 10000 test images: 0.952
[2m[36m(launch_and_evaluate pid=21028)[0m Accuracy of the network on the 10000 test images: 0.965
[2m[36m(launch_and_evaluate pid=21026)[0m Accuracy of the network on the 10000 test images: 0.952
[2m[36m(launch_and_evaluate pid=21025)[0m Accuracy of the network on the 10000 test images: 0.943
[2m[36m(launch_and_evaluate pid=21027)[0m Accuracy of the network on the 10000 test images: 0.939
sample size: 10
num m: 4
[2m[36m(launch_and_evaluate pid=21028)[0m Accuracy of the network on the 10000 test images: 0.943
[2m[36m(launch_and_evaluate pid=21025)[0m Accuracy of the network on the 10000 test images: 0.951
[2m[36m(launch_and_fit pid=21028)[0m CLIENT CONFIG {'epochs': 1, 'batch_size': 64, 'malicious': True, 'magnitude': 10, 'id': 0}
[2m[36m(launch_and_fit pid=21025)[0m CLIENT CONFIG {'epochs': 1, 'batch_size': 64, 'malicious': True, 'magnitude': 10, 'id': 1}
[2m[36m(launch_and_fit pid=21027)[0m CLIENT CONFIG {'epochs': 1, 'batch_size': 64, 'malicious': True, 'magnitude': 10, 'id': 2}
[2m[36m(launch_and_fit pid=21026)[0m CLIENT CONFIG {'epochs': 1, 'batch_size': 64, 'malicious': True, 'magnitude': 10, 'id': 3}
[2m[36m(launch_and_fit pid=21025)[0m CLIENT CONFIG {'epochs': 1, 'batch_size': 64, 'malicious': False, 'id': 4}
[2m[36m(launch_and_fit pid=21028)[0m CLIENT CONFIG {'epochs': 1, 'batch_size': 64, 'malicious': False, 'id': 6}
[2m[36m(launch_and_fit pid=21026)[0m CLIENT CONFIG {'epochs': 1, 'batch_size': 64, 'malicious': False, 'id': 8}
[2m[36m(launch_and_fit pid=21027)[0m CLIENT CONFIG {'epochs': 1, 'batch_size': 64, 'malicious': False, 'id': 5}
[2m[36m(launch_and_fit pid=21025)[0m CLIENT CONFIG {'epochs': 1, 'batch_size': 64, 'malicious': False, 'id': 9}
[2m[36m(launch_and_fit pid=21027)[0m CLIENT CONFIG {'epochs': 1, 'batch_size': 64, 'malicious': False, 'id': 7}
Accuracy of the network on the 10000 test images: 0.491
[2m[36m(launch_and_evaluate pid=21028)[0m Accuracy of the network on the 10000 test images: 0.952
[2m[36m(launch_and_evaluate pid=21026)[0m Accuracy of the network on the 10000 test images: 0.953
[2m[36m(launch_and_evaluate pid=21025)[0m Accuracy of the network on the 10000 test images: 0.961
[2m[36m(launch_and_evaluate pid=21027)[0m Accuracy of the network on the 10000 test images: 0.943
[2m[36m(launch_and_evaluate pid=21028)[0m Accuracy of the network on the 10000 test images: 0.935
[2m[36m(launch_and_evaluate pid=21026)[0m Accuracy of the network on the 10000 test images: 0.956
[2m[36m(launch_and_evaluate pid=21025)[0m Accuracy of the network on the 10000 test images: 0.956
[2m[36m(launch_and_evaluate pid=21027)[0m Accuracy of the network on the 10000 test images: 0.947
sample size: 10
num m: 4
[2m[36m(launch_and_evaluate pid=21025)[0m Accuracy of the network on the 10000 test images: 0.946
[2m[36m(launch_and_evaluate pid=21027)[0m Accuracy of the network on the 10000 test images: 0.952
[2m[36m(launch_and_fit pid=21027)[0m CLIENT CONFIG {'epochs': 1, 'batch_size': 64, 'malicious': True, 'magnitude': 10, 'id': 1}
[2m[36m(launch_and_fit pid=21028)[0m CLIENT CONFIG {'epochs': 1, 'batch_size': 64, 'malicious': True, 'magnitude': 10, 'id': 2}
[2m[36m(launch_and_fit pid=21025)[0m CLIENT CONFIG {'epochs': 1, 'batch_size': 64, 'malicious': True, 'magnitude': 10, 'id': 0}
[2m[36m(launch_and_fit pid=21026)[0m CLIENT CONFIG {'epochs': 1, 'batch_size': 64, 'malicious': True, 'magnitude': 10, 'id': 3}
[2m[36m(launch_and_fit pid=21027)[0m CLIENT CONFIG {'epochs': 1, 'batch_size': 64, 'malicious': False, 'id': 4}
[2m[36m(launch_and_fit pid=21028)[0m CLIENT CONFIG {'epochs': 1, 'batch_size': 64, 'malicious': False, 'id': 6}
[2m[36m(launch_and_fit pid=21026)[0m CLIENT CONFIG {'epochs': 1, 'batch_size': 64, 'malicious': False, 'id': 7}
[2m[36m(launch_and_fit pid=21025)[0m CLIENT CONFIG {'epochs': 1, 'batch_size': 64, 'malicious': False, 'id': 5}
[2m[36m(launch_and_fit pid=21025)[0m CLIENT CONFIG {'epochs': 1, 'batch_size': 64, 'malicious': False, 'id': 9}
[2m[36m(launch_and_fit pid=21027)[0m CLIENT CONFIG {'epochs': 1, 'batch_size': 64, 'malicious': False, 'id': 8}
Accuracy of the network on the 10000 test images: 0.4617
[2m[36m(launch_and_evaluate pid=21027)[0m Accuracy of the network on the 10000 test images: 0.945
[2m[36m(launch_and_evaluate pid=21028)[0m Accuracy of the network on the 10000 test images: 0.957
[2m[36m(launch_and_evaluate pid=21025)[0m Accuracy of the network on the 10000 test images: 0.954
[2m[36m(launch_and_evaluate pid=21026)[0m Accuracy of the network on the 10000 test images: 0.937
[2m[36m(launch_and_evaluate pid=21025)[0m Accuracy of the network on the 10000 test images: 0.949
[2m[36m(launch_and_evaluate pid=21027)[0m Accuracy of the network on the 10000 test images: 0.956
[2m[36m(launch_and_evaluate pid=21028)[0m Accuracy of the network on the 10000 test images: 0.958
[2m[36m(launch_and_evaluate pid=21026)[0m Accuracy of the network on the 10000 test images: 0.958
sample size: 10
num m: 4
[2m[36m(launch_and_evaluate pid=21025)[0m Accuracy of the network on the 10000 test images: 0.952
[2m[36m(launch_and_evaluate pid=21027)[0m Accuracy of the network on the 10000 test images: 0.954
[2m[36m(launch_and_fit pid=21025)[0m CLIENT CONFIG {'epochs': 1, 'batch_size': 64, 'malicious': True, 'magnitude': 10, 'id': 0}
[2m[36m(launch_and_fit pid=21027)[0m CLIENT CONFIG {'epochs': 1, 'batch_size': 64, 'malicious': True, 'magnitude': 10, 'id': 1}
[2m[36m(launch_and_fit pid=21028)[0m CLIENT CONFIG {'epochs': 1, 'batch_size': 64, 'malicious': True, 'magnitude': 10, 'id': 2}
[2m[36m(launch_and_fit pid=21026)[0m CLIENT CONFIG {'epochs': 1, 'batch_size': 64, 'malicious': True, 'magnitude': 10, 'id': 3}
[2m[36m(launch_and_fit pid=21027)[0m CLIENT CONFIG {'epochs': 1, 'batch_size': 64, 'malicious': False, 'id': 4}
[2m[36m(launch_and_fit pid=21025)[0m CLIENT CONFIG {'epochs': 1, 'batch_size': 64, 'malicious': False, 'id': 5}
[2m[36m(launch_and_fit pid=21028)[0m CLIENT CONFIG {'epochs': 1, 'batch_size': 64, 'malicious': False, 'id': 6}
[2m[36m(launch_and_fit pid=21026)[0m CLIENT CONFIG {'epochs': 1, 'batch_size': 64, 'malicious': False, 'id': 7}
[2m[36m(launch_and_fit pid=21025)[0m CLIENT CONFIG {'epochs': 1, 'batch_size': 64, 'malicious': False, 'id': 9}
[2m[36m(launch_and_fit pid=21027)[0m CLIENT CONFIG {'epochs': 1, 'batch_size': 64, 'malicious': False, 'id': 8}
Accuracy of the network on the 10000 test images: 0.4251
[2m[36m(launch_and_evaluate pid=21028)[0m Accuracy of the network on the 10000 test images: 0.957
[2m[36m(launch_and_evaluate pid=21026)[0m Accuracy of the network on the 10000 test images: 0.946
[2m[36m(launch_and_evaluate pid=21025)[0m Accuracy of the network on the 10000 test images: 0.956
[2m[36m(launch_and_evaluate pid=21027)[0m Accuracy of the network on the 10000 test images: 0.944
[2m[36m(launch_and_evaluate pid=21028)[0m Accuracy of the network on the 10000 test images: 0.953
[2m[36m(launch_and_evaluate pid=21026)[0m Accuracy of the network on the 10000 test images: 0.951
[2m[36m(launch_and_evaluate pid=21025)[0m Accuracy of the network on the 10000 test images: 0.958
[2m[36m(launch_and_evaluate pid=21027)[0m Accuracy of the network on the 10000 test images: 0.952
sample size: 10
num m: 4
[2m[36m(launch_and_evaluate pid=21028)[0m Accuracy of the network on the 10000 test images: 0.962
[2m[36m(launch_and_evaluate pid=21027)[0m Accuracy of the network on the 10000 test images: 0.963
[2m[36m(launch_and_fit pid=21027)[0m CLIENT CONFIG {'epochs': 1, 'batch_size': 64, 'malicious': True, 'magnitude': 10, 'id': 2}
[2m[36m(launch_and_fit pid=21028)[0m CLIENT CONFIG {'epochs': 1, 'batch_size': 64, 'malicious': True, 'magnitude': 10, 'id': 0}
[2m[36m(launch_and_fit pid=21026)[0m CLIENT CONFIG {'epochs': 1, 'batch_size': 64, 'malicious': True, 'magnitude': 10, 'id': 3}
[2m[36m(launch_and_fit pid=21025)[0m CLIENT CONFIG {'epochs': 1, 'batch_size': 64, 'malicious': True, 'magnitude': 10, 'id': 1}
[2m[36m(launch_and_fit pid=21027)[0m CLIENT CONFIG {'epochs': 1, 'batch_size': 64, 'malicious': False, 'id': 4}
[2m[36m(launch_and_fit pid=21028)[0m CLIENT CONFIG {'epochs': 1, 'batch_size': 64, 'malicious': False, 'id': 5}
[2m[36m(launch_and_fit pid=21026)[0m CLIENT CONFIG {'epochs': 1, 'batch_size': 64, 'malicious': False, 'id': 6}
[2m[36m(launch_and_fit pid=21025)[0m CLIENT CONFIG {'epochs': 1, 'batch_size': 64, 'malicious': False, 'id': 7}
[2m[36m(launch_and_fit pid=21028)[0m CLIENT CONFIG {'epochs': 1, 'batch_size': 64, 'malicious': False, 'id': 9}
[2m[36m(launch_and_fit pid=21027)[0m CLIENT CONFIG {'epochs': 1, 'batch_size': 64, 'malicious': False, 'id': 8}
Accuracy of the network on the 10000 test images: 0.4204
