Accuracy of the network on the 10000 test images: 0.0553
sample size: 10
num m: 7
fit_ins: {'epochs': 1, 'batch_size': 64, 'malicious': True, 'magnitude': 10}
fit_ins: {'epochs': 1, 'batch_size': 64, 'malicious': True, 'magnitude': 10}
fit_ins: {'epochs': 1, 'batch_size': 64, 'malicious': True, 'magnitude': 10}
fit_ins: {'epochs': 1, 'batch_size': 64, 'malicious': True, 'magnitude': 10}
fit_ins: {'epochs': 1, 'batch_size': 64, 'malicious': True, 'magnitude': 10}
fit_ins: {'epochs': 1, 'batch_size': 64, 'malicious': True, 'magnitude': 10}
fit_ins: {'epochs': 1, 'batch_size': 64, 'malicious': True, 'magnitude': 10}
fit_ins: {'epochs': 1, 'batch_size': 64, 'malicious': False}
fit_ins: {'epochs': 1, 'batch_size': 64, 'malicious': False}
fit_ins: {'epochs': 1, 'batch_size': 64, 'malicious': False}
[2m[36m(launch_and_fit pid=19480)[0m CLIENT CONFIG {'epochs': 1, 'batch_size': 64, 'malicious': True, 'magnitude': 10}
[2m[36m(launch_and_fit pid=19479)[0m CLIENT CONFIG {'epochs': 1, 'batch_size': 64, 'malicious': True, 'magnitude': 10}
[2m[36m(launch_and_fit pid=19477)[0m CLIENT CONFIG {'epochs': 1, 'batch_size': 64, 'malicious': True, 'magnitude': 10}
[2m[36m(launch_and_fit pid=19478)[0m CLIENT CONFIG {'epochs': 1, 'batch_size': 64, 'malicious': True, 'magnitude': 10}
[2m[36m(launch_and_fit pid=19480)[0m CLIENT CONFIG {'epochs': 1, 'batch_size': 64, 'malicious': True, 'magnitude': 10}
[2m[36m(launch_and_fit pid=19479)[0m CLIENT CONFIG {'epochs': 1, 'batch_size': 64, 'malicious': True, 'magnitude': 10}
[2m[36m(launch_and_fit pid=19477)[0m CLIENT CONFIG {'epochs': 1, 'batch_size': 64, 'malicious': True, 'magnitude': 10}
[2m[36m(launch_and_fit pid=19478)[0m CLIENT CONFIG {'epochs': 1, 'batch_size': 64, 'malicious': False}
[2m[36m(launch_and_fit pid=19480)[0m CLIENT CONFIG {'epochs': 1, 'batch_size': 64, 'malicious': False}
FAILURES: 
[]
[2m[36m(launch_and_fit pid=19479)[0m CLIENT CONFIG {'epochs': 1, 'batch_size': 64, 'malicious': False}
Accuracy of the network on the 10000 test images: 0.1032
[2m[36m(launch_and_evaluate pid=19480)[0m Accuracy of the network on the 10000 test images: 0.095
[2m[36m(launch_and_evaluate pid=19479)[0m Accuracy of the network on the 10000 test images: 0.097
[2m[36m(launch_and_evaluate pid=19478)[0m Accuracy of the network on the 10000 test images: 0.111
[2m[36m(launch_and_evaluate pid=19477)[0m Accuracy of the network on the 10000 test images: 0.121
[2m[36m(launch_and_evaluate pid=19479)[0m Accuracy of the network on the 10000 test images: 0.128
[2m[36m(launch_and_evaluate pid=19478)[0m Accuracy of the network on the 10000 test images: 0.113
[2m[36m(launch_and_evaluate pid=19477)[0m Accuracy of the network on the 10000 test images: 0.112
[2m[36m(launch_and_evaluate pid=19480)[0m Accuracy of the network on the 10000 test images: 0.096
[2m[36m(launch_and_evaluate pid=19479)[0m Accuracy of the network on the 10000 test images: 0.116
[2m[36m(launch_and_evaluate pid=19478)[0m Accuracy of the network on the 10000 test images: 0.12
sample size: 10
num m: 7
fit_ins: {'epochs': 1, 'batch_size': 64, 'malicious': True, 'magnitude': 10}
fit_ins: {'epochs': 1, 'batch_size': 64, 'malicious': True, 'magnitude': 10}
fit_ins: {'epochs': 1, 'batch_size': 64, 'malicious': True, 'magnitude': 10}
fit_ins: {'epochs': 1, 'batch_size': 64, 'malicious': True, 'magnitude': 10}
fit_ins: {'epochs': 1, 'batch_size': 64, 'malicious': True, 'magnitude': 10}
fit_ins: {'epochs': 1, 'batch_size': 64, 'malicious': True, 'magnitude': 10}
fit_ins: {'epochs': 1, 'batch_size': 64, 'malicious': True, 'magnitude': 10}
fit_ins: {'epochs': 1, 'batch_size': 64, 'malicious': False}
fit_ins: {'epochs': 1, 'batch_size': 64, 'malicious': False}
fit_ins: {'epochs': 1, 'batch_size': 64, 'malicious': False}
[2m[36m(launch_and_fit pid=19480)[0m CLIENT CONFIG {'epochs': 1, 'batch_size': 64, 'malicious': True, 'magnitude': 10}
[2m[36m(launch_and_fit pid=19479)[0m CLIENT CONFIG {'epochs': 1, 'batch_size': 64, 'malicious': True, 'magnitude': 10}
[2m[36m(launch_and_fit pid=19478)[0m CLIENT CONFIG {'epochs': 1, 'batch_size': 64, 'malicious': True, 'magnitude': 10}
[2m[36m(launch_and_fit pid=19477)[0m CLIENT CONFIG {'epochs': 1, 'batch_size': 64, 'malicious': True, 'magnitude': 10}
[2m[36m(launch_and_fit pid=19480)[0m CLIENT CONFIG {'epochs': 1, 'batch_size': 64, 'malicious': True, 'magnitude': 10}
[2m[36m(launch_and_fit pid=19479)[0m CLIENT CONFIG {'epochs': 1, 'batch_size': 64, 'malicious': False}
[2m[36m(launch_and_fit pid=19477)[0m CLIENT CONFIG {'epochs': 1, 'batch_size': 64, 'malicious': True, 'magnitude': 10}
[2m[36m(launch_and_fit pid=19480)[0m 
[2m[36m(launch_and_fit pid=19478)[0m CLIENT CONFIG {'epochs': 1, 'batch_size': 64, 'malicious': True, 'magnitude': 10}
[2m[36m(launch_and_fit pid=19479)[0m CLIENT CONFIG {'epochs': 1, 'batch_size': 64, 'malicious': False}
[2m[36m(launch_and_fit pid=19477)[0m CLIENT CONFIG {'epochs': 1, 'batch_size': 64, 'malicious': False}
FAILURES: 
[]
Accuracy of the network on the 10000 test images: 0.101
[2m[36m(launch_and_evaluate pid=19477)[0m Accuracy of the network on the 10000 test images: 0.187
[2m[36m(launch_and_evaluate pid=19480)[0m Accuracy of the network on the 10000 test images: 0.209
[2m[36m(launch_and_evaluate pid=19479)[0m Accuracy of the network on the 10000 test images: 0.237
[2m[36m(launch_and_evaluate pid=19478)[0m Accuracy of the network on the 10000 test images: 0.235
[2m[36m(launch_and_evaluate pid=19480)[0m Accuracy of the network on the 10000 test images: 0.213
[2m[36m(launch_and_evaluate pid=19479)[0m Accuracy of the network on the 10000 test images: 0.203
[2m[36m(launch_and_evaluate pid=19478)[0m Accuracy of the network on the 10000 test images: 0.217
[2m[36m(launch_and_evaluate pid=19477)[0m Accuracy of the network on the 10000 test images: 0.231
sample size: 10
num m: 7
fit_ins: {'epochs': 1, 'batch_size': 64, 'malicious': True, 'magnitude': 10}
fit_ins: {'epochs': 1, 'batch_size': 64, 'malicious': True, 'magnitude': 10}
fit_ins: {'epochs': 1, 'batch_size': 64, 'malicious': True, 'magnitude': 10}
fit_ins: {'epochs': 1, 'batch_size': 64, 'malicious': True, 'magnitude': 10}
fit_ins: {'epochs': 1, 'batch_size': 64, 'malicious': True, 'magnitude': 10}
fit_ins: {'epochs': 1, 'batch_size': 64, 'malicious': True, 'magnitude': 10}
fit_ins: {'epochs': 1, 'batch_size': 64, 'malicious': True, 'magnitude': 10}
fit_ins: {'epochs': 1, 'batch_size': 64, 'malicious': False}
fit_ins: {'epochs': 1, 'batch_size': 64, 'malicious': False}
fit_ins: {'epochs': 1, 'batch_size': 64, 'malicious': False}
[2m[36m(launch_and_evaluate pid=19479)[0m Accuracy of the network on the 10000 test images: 0.208
[2m[36m(launch_and_evaluate pid=19477)[0m Accuracy of the network on the 10000 test images: 0.223
[2m[36m(launch_and_fit pid=19477)[0m CLIENT CONFIG {'epochs': 1, 'batch_size': 64, 'malicious': True, 'magnitude': 10}
[2m[36m(launch_and_fit pid=19480)[0m CLIENT CONFIG {'epochs': 1, 'batch_size': 64, 'malicious': True, 'magnitude': 10}
[2m[36m(launch_and_fit pid=19479)[0m CLIENT CONFIG {'epochs': 1, 'batch_size': 64, 'malicious': True, 'magnitude': 10}
[2m[36m(launch_and_fit pid=19478)[0m CLIENT CONFIG {'epochs': 1, 'batch_size': 64, 'malicious': True, 'magnitude': 10}
[2m[36m(launch_and_fit pid=19480)[0m CLIENT CONFIG {'epochs': 1, 'batch_size': 64, 'malicious': True, 'magnitude': 10}
[2m[36m(launch_and_fit pid=19479)[0m CLIENT CONFIG {'epochs': 1, 'batch_size': 64, 'malicious': True, 'magnitude': 10}
[2m[36m(launch_and_fit pid=19478)[0m CLIENT CONFIG {'epochs': 1, 'batch_size': 64, 'malicious': False}
[2m[36m(launch_and_fit pid=19477)[0m CLIENT CONFIG {'epochs': 1, 'batch_size': 64, 'malicious': True, 'magnitude': 10}
FAILURES: 
[]
[2m[36m(launch_and_fit pid=19480)[0m CLIENT CONFIG {'epochs': 1, 'batch_size': 64, 'malicious': False}
[2m[36m(launch_and_fit pid=19477)[0m CLIENT CONFIG {'epochs': 1, 'batch_size': 64, 'malicious': False}
Accuracy of the network on the 10000 test images: 0.101
[2m[36m(launch_and_evaluate pid=19480)[0m Accuracy of the network on the 10000 test images: 0.252
[2m[36m(launch_and_evaluate pid=19477)[0m Accuracy of the network on the 10000 test images: 0.226
[2m[36m(launch_and_evaluate pid=19479)[0m Accuracy of the network on the 10000 test images: 0.211
[2m[36m(launch_and_evaluate pid=19478)[0m Accuracy of the network on the 10000 test images: 0.236
[2m[36m(launch_and_evaluate pid=19480)[0m Accuracy of the network on the 10000 test images: 0.208
[2m[36m(launch_and_evaluate pid=19479)[0m Accuracy of the network on the 10000 test images: 0.237
[2m[36m(launch_and_evaluate pid=19478)[0m Accuracy of the network on the 10000 test images: 0.228
[2m[36m(launch_and_evaluate pid=19477)[0m Accuracy of the network on the 10000 test images: 0.196
sample size: 10
num m: 7
fit_ins: {'epochs': 1, 'batch_size': 64, 'malicious': True, 'magnitude': 10}
fit_ins: {'epochs': 1, 'batch_size': 64, 'malicious': True, 'magnitude': 10}
fit_ins: {'epochs': 1, 'batch_size': 64, 'malicious': True, 'magnitude': 10}
fit_ins: {'epochs': 1, 'batch_size': 64, 'malicious': True, 'magnitude': 10}
fit_ins: {'epochs': 1, 'batch_size': 64, 'malicious': True, 'magnitude': 10}
fit_ins: {'epochs': 1, 'batch_size': 64, 'malicious': True, 'magnitude': 10}
fit_ins: {'epochs': 1, 'batch_size': 64, 'malicious': True, 'magnitude': 10}
fit_ins: {'epochs': 1, 'batch_size': 64, 'malicious': False}
fit_ins: {'epochs': 1, 'batch_size': 64, 'malicious': False}
fit_ins: {'epochs': 1, 'batch_size': 64, 'malicious': False}
[2m[36m(launch_and_evaluate pid=19480)[0m Accuracy of the network on the 10000 test images: 0.238
[2m[36m(launch_and_evaluate pid=19477)[0m Accuracy of the network on the 10000 test images: 0.211
[2m[36m(launch_and_fit pid=19477)[0m CLIENT CONFIG {'epochs': 1, 'batch_size': 64, 'malicious': True, 'magnitude': 10}
[2m[36m(launch_and_fit pid=19480)[0m CLIENT CONFIG {'epochs': 1, 'batch_size': 64, 'malicious': True, 'magnitude': 10}
[2m[36m(launch_and_fit pid=19479)[0m CLIENT CONFIG {'epochs': 1, 'batch_size': 64, 'malicious': True, 'magnitude': 10}
[2m[36m(launch_and_fit pid=19478)[0m CLIENT CONFIG {'epochs': 1, 'batch_size': 64, 'malicious': True, 'magnitude': 10}
[2m[36m(launch_and_fit pid=19477)[0m CLIENT CONFIG {'epochs': 1, 'batch_size': 64, 'malicious': True, 'magnitude': 10}
[2m[36m(launch_and_fit pid=19479)[0m CLIENT CONFIG {'epochs': 1, 'batch_size': 64, 'malicious': True, 'magnitude': 10}
[2m[36m(launch_and_fit pid=19480)[0m CLIENT CONFIG {'epochs': 1, 'batch_size': 64, 'malicious': True, 'magnitude': 10}
[2m[36m(launch_and_fit pid=19478)[0m CLIENT CONFIG {'epochs': 1, 'batch_size': 64, 'malicious': False}
[2m[36m(launch_and_fit pid=19477)[0m CLIENT CONFIG {'epochs': 1, 'batch_size': 64, 'malicious': False}
FAILURES: 
[]
[2m[36m(launch_and_fit pid=19479)[0m CLIENT CONFIG {'epochs': 1, 'batch_size': 64, 'malicious': False}
Accuracy of the network on the 10000 test images: 0.098
[2m[36m(launch_and_evaluate pid=19479)[0m Accuracy of the network on the 10000 test images: 0.255
[2m[36m(launch_and_evaluate pid=19477)[0m Accuracy of the network on the 10000 test images: 0.246
[2m[36m(launch_and_evaluate pid=19480)[0m Accuracy of the network on the 10000 test images: 0.264
[2m[36m(launch_and_evaluate pid=19478)[0m Accuracy of the network on the 10000 test images: 0.248
[2m[36m(launch_and_evaluate pid=19480)[0m Accuracy of the network on the 10000 test images: 0.239
[2m[36m(launch_and_evaluate pid=19479)[0m Accuracy of the network on the 10000 test images: 0.238
[2m[36m(launch_and_evaluate pid=19478)[0m Accuracy of the network on the 10000 test images: 0.246
[2m[36m(launch_and_evaluate pid=19477)[0m Accuracy of the network on the 10000 test images: 0.227
sample size: 10
num m: 7
fit_ins: {'epochs': 1, 'batch_size': 64, 'malicious': True, 'magnitude': 10}
fit_ins: {'epochs': 1, 'batch_size': 64, 'malicious': True, 'magnitude': 10}
fit_ins: {'epochs': 1, 'batch_size': 64, 'malicious': True, 'magnitude': 10}
fit_ins: {'epochs': 1, 'batch_size': 64, 'malicious': True, 'magnitude': 10}
fit_ins: {'epochs': 1, 'batch_size': 64, 'malicious': True, 'magnitude': 10}
fit_ins: {'epochs': 1, 'batch_size': 64, 'malicious': True, 'magnitude': 10}
fit_ins: {'epochs': 1, 'batch_size': 64, 'malicious': True, 'magnitude': 10}
fit_ins: {'epochs': 1, 'batch_size': 64, 'malicious': False}
fit_ins: {'epochs': 1, 'batch_size': 64, 'malicious': False}
fit_ins: {'epochs': 1, 'batch_size': 64, 'malicious': False}
[2m[36m(launch_and_evaluate pid=19480)[0m Accuracy of the network on the 10000 test images: 0.226
[2m[36m(launch_and_evaluate pid=19479)[0m Accuracy of the network on the 10000 test images: 0.265
[2m[36m(launch_and_fit pid=19480)[0m CLIENT CONFIG {'epochs': 1, 'batch_size': 64, 'malicious': True, 'magnitude': 10}
[2m[36m(launch_and_fit pid=19479)[0m CLIENT CONFIG {'epochs': 1, 'batch_size': 64, 'malicious': True, 'magnitude': 10}
[2m[36m(launch_and_fit pid=19478)[0m CLIENT CONFIG {'epochs': 1, 'batch_size': 64, 'malicious': True, 'magnitude': 10}
[2m[36m(launch_and_fit pid=19477)[0m CLIENT CONFIG {'epochs': 1, 'batch_size': 64, 'malicious': True, 'magnitude': 10}
[2m[36m(launch_and_fit pid=19478)[0m CLIENT CONFIG {'epochs': 1, 'batch_size': 64, 'malicious': True, 'magnitude': 10}
[2m[36m(launch_and_fit pid=19480)[0m CLIENT CONFIG {'epochs': 1, 'batch_size': 64, 'malicious': True, 'magnitude': 10}
[2m[36m(launch_and_fit pid=19479)[0m CLIENT CONFIG {'epochs': 1, 'batch_size': 64, 'malicious': True, 'magnitude': 10}
[2m[36m(launch_and_fit pid=19477)[0m CLIENT CONFIG {'epochs': 1, 'batch_size': 64, 'malicious': False}
[2m[36m(launch_and_fit pid=19478)[0m CLIENT CONFIG {'epochs': 1, 'batch_size': 64, 'malicious': False}
FAILURES: 
[]
[2m[36m(launch_and_fit pid=19479)[0m CLIENT CONFIG {'epochs': 1, 'batch_size': 64, 'malicious': False}
Accuracy of the network on the 10000 test images: 0.1121
[2m[36m(launch_and_evaluate pid=19480)[0m Accuracy of the network on the 10000 test images: 0.331
[2m[36m(launch_and_evaluate pid=19478)[0m Accuracy of the network on the 10000 test images: 0.342
[2m[36m(launch_and_evaluate pid=19479)[0m Accuracy of the network on the 10000 test images: 0.337
[2m[36m(launch_and_evaluate pid=19477)[0m Accuracy of the network on the 10000 test images: 0.348
[2m[36m(launch_and_evaluate pid=19480)[0m Accuracy of the network on the 10000 test images: 0.35
[2m[36m(launch_and_evaluate pid=19479)[0m Accuracy of the network on the 10000 test images: 0.356
[2m[36m(launch_and_evaluate pid=19478)[0m Accuracy of the network on the 10000 test images: 0.36
[2m[36m(launch_and_evaluate pid=19477)[0m Accuracy of the network on the 10000 test images: 0.351
sample size: 10
num m: 7
fit_ins: {'epochs': 1, 'batch_size': 64, 'malicious': True, 'magnitude': 10}
fit_ins: {'epochs': 1, 'batch_size': 64, 'malicious': True, 'magnitude': 10}
fit_ins: {'epochs': 1, 'batch_size': 64, 'malicious': True, 'magnitude': 10}
fit_ins: {'epochs': 1, 'batch_size': 64, 'malicious': True, 'magnitude': 10}
fit_ins: {'epochs': 1, 'batch_size': 64, 'malicious': True, 'magnitude': 10}
fit_ins: {'epochs': 1, 'batch_size': 64, 'malicious': True, 'magnitude': 10}
fit_ins: {'epochs': 1, 'batch_size': 64, 'malicious': True, 'magnitude': 10}
fit_ins: {'epochs': 1, 'batch_size': 64, 'malicious': False}
fit_ins: {'epochs': 1, 'batch_size': 64, 'malicious': False}
fit_ins: {'epochs': 1, 'batch_size': 64, 'malicious': False}
[2m[36m(launch_and_evaluate pid=19480)[0m Accuracy of the network on the 10000 test images: 0.347
[2m[36m(launch_and_evaluate pid=19477)[0m Accuracy of the network on the 10000 test images: 0.346
[2m[36m(launch_and_fit pid=19480)[0m CLIENT CONFIG {'epochs': 1, 'batch_size': 64, 'malicious': True, 'magnitude': 10}
[2m[36m(launch_and_fit pid=19479)[0m CLIENT CONFIG {'epochs': 1, 'batch_size': 64, 'malicious': True, 'magnitude': 10}
[2m[36m(launch_and_fit pid=19478)[0m CLIENT CONFIG {'epochs': 1, 'batch_size': 64, 'malicious': True, 'magnitude': 10}
[2m[36m(launch_and_fit pid=19477)[0m CLIENT CONFIG {'epochs': 1, 'batch_size': 64, 'malicious': True, 'magnitude': 10}
[2m[36m(launch_and_fit pid=19477)[0m CLIENT CONFIG {'epochs': 1, 'batch_size': 64, 'malicious': True, 'magnitude': 10}
[2m[36m(launch_and_fit pid=19480)[0m CLIENT CONFIG {'epochs': 1, 'batch_size': 64, 'malicious': True, 'magnitude': 10}
[2m[36m(launch_and_fit pid=19478)[0m CLIENT CONFIG {'epochs': 1, 'batch_size': 64, 'malicious': True, 'magnitude': 10}
[2m[36m(launch_and_fit pid=19479)[0m CLIENT CONFIG {'epochs': 1, 'batch_size': 64, 'malicious': False}
[2m[36m(launch_and_fit pid=19477)[0m CLIENT CONFIG {'epochs': 1, 'batch_size': 64, 'malicious': False}
[2m[36m(launch_and_fit pid=19480)[0m CLIENT CONFIG {'epochs': 1, 'batch_size': 64, 'malicious': False}
FAILURES: 
[]
Accuracy of the network on the 10000 test images: 0.101
[2m[36m(launch_and_evaluate pid=19480)[0m Accuracy of the network on the 10000 test images: 0.201
[2m[36m(launch_and_evaluate pid=19479)[0m Accuracy of the network on the 10000 test images: 0.221
[2m[36m(launch_and_evaluate pid=19478)[0m Accuracy of the network on the 10000 test images: 0.214
[2m[36m(launch_and_evaluate pid=19477)[0m Accuracy of the network on the 10000 test images: 0.216
[2m[36m(launch_and_evaluate pid=19477)[0m Accuracy of the network on the 10000 test images: 0.223
[2m[36m(launch_and_evaluate pid=19480)[0m Accuracy of the network on the 10000 test images: 0.19
[2m[36m(launch_and_evaluate pid=19479)[0m Accuracy of the network on the 10000 test images: 0.202
[2m[36m(launch_and_evaluate pid=19478)[0m Accuracy of the network on the 10000 test images: 0.211
sample size: 10
num m: 7
fit_ins: {'epochs': 1, 'batch_size': 64, 'malicious': True, 'magnitude': 10}
fit_ins: {'epochs': 1, 'batch_size': 64, 'malicious': True, 'magnitude': 10}
fit_ins: {'epochs': 1, 'batch_size': 64, 'malicious': True, 'magnitude': 10}
fit_ins: {'epochs': 1, 'batch_size': 64, 'malicious': True, 'magnitude': 10}
fit_ins: {'epochs': 1, 'batch_size': 64, 'malicious': True, 'magnitude': 10}
fit_ins: {'epochs': 1, 'batch_size': 64, 'malicious': True, 'magnitude': 10}
fit_ins: {'epochs': 1, 'batch_size': 64, 'malicious': True, 'magnitude': 10}
fit_ins: {'epochs': 1, 'batch_size': 64, 'malicious': False}
fit_ins: {'epochs': 1, 'batch_size': 64, 'malicious': False}
fit_ins: {'epochs': 1, 'batch_size': 64, 'malicious': False}
[2m[36m(launch_and_evaluate pid=19479)[0m Accuracy of the network on the 10000 test images: 0.211
[2m[36m(launch_and_evaluate pid=19477)[0m Accuracy of the network on the 10000 test images: 0.229
[2m[36m(launch_and_fit pid=19479)[0m CLIENT CONFIG {'epochs': 1, 'batch_size': 64, 'malicious': True, 'magnitude': 10}
[2m[36m(launch_and_fit pid=19477)[0m CLIENT CONFIG {'epochs': 1, 'batch_size': 64, 'malicious': True, 'magnitude': 10}
[2m[36m(launch_and_fit pid=19478)[0m CLIENT CONFIG {'epochs': 1, 'batch_size': 64, 'malicious': True, 'magnitude': 10}
[2m[36m(launch_and_fit pid=19480)[0m CLIENT CONFIG {'epochs': 1, 'batch_size': 64, 'malicious': True, 'magnitude': 10}
[2m[36m(launch_and_fit pid=19479)[0m CLIENT CONFIG {'epochs': 1, 'batch_size': 64, 'malicious': False}
[2m[36m(launch_and_fit pid=19478)[0m CLIENT CONFIG {'epochs': 1, 'batch_size': 64, 'malicious': True, 'magnitude': 10}
[2m[36m(launch_and_fit pid=19477)[0m CLIENT CONFIG {'epochs': 1, 'batch_size': 64, 'malicious': True, 'magnitude': 10}
[2m[36m(launch_and_fit pid=19480)[0m CLIENT CONFIG {'epochs': 1, 'batch_size': 64, 'malicious': True, 'magnitude': 10}
FAILURES: 
[]
[2m[36m(launch_and_fit pid=19479)[0m CLIENT CONFIG {'epochs': 1, 'batch_size': 64, 'malicious': False}
[2m[36m(launch_and_fit pid=19478)[0m CLIENT CONFIG {'epochs': 1, 'batch_size': 64, 'malicious': False}
Accuracy of the network on the 10000 test images: 0.1124
[2m[36m(launch_and_evaluate pid=19480)[0m Accuracy of the network on the 10000 test images: 0.28
[2m[36m(launch_and_evaluate pid=19479)[0m Accuracy of the network on the 10000 test images: 0.274
[2m[36m(launch_and_evaluate pid=19478)[0m Accuracy of the network on the 10000 test images: 0.265
[2m[36m(launch_and_evaluate pid=19477)[0m Accuracy of the network on the 10000 test images: 0.276
[2m[36m(launch_and_evaluate pid=19479)[0m Accuracy of the network on the 10000 test images: 0.277
[2m[36m(launch_and_evaluate pid=19478)[0m Accuracy of the network on the 10000 test images: 0.278
[2m[36m(launch_and_evaluate pid=19480)[0m Accuracy of the network on the 10000 test images: 0.294
[2m[36m(launch_and_evaluate pid=19477)[0m Accuracy of the network on the 10000 test images: 0.308
[2m[36m(launch_and_evaluate pid=19479)[0m Accuracy of the network on the 10000 test images: 0.301
[2m[36m(launch_and_evaluate pid=19478)[0m Accuracy of the network on the 10000 test images: 0.3
sample size: 10
num m: 7
fit_ins: {'epochs': 1, 'batch_size': 64, 'malicious': True, 'magnitude': 10}
fit_ins: {'epochs': 1, 'batch_size': 64, 'malicious': True, 'magnitude': 10}
fit_ins: {'epochs': 1, 'batch_size': 64, 'malicious': True, 'magnitude': 10}
fit_ins: {'epochs': 1, 'batch_size': 64, 'malicious': True, 'magnitude': 10}
fit_ins: {'epochs': 1, 'batch_size': 64, 'malicious': True, 'magnitude': 10}
fit_ins: {'epochs': 1, 'batch_size': 64, 'malicious': True, 'magnitude': 10}
fit_ins: {'epochs': 1, 'batch_size': 64, 'malicious': True, 'magnitude': 10}
fit_ins: {'epochs': 1, 'batch_size': 64, 'malicious': False}
fit_ins: {'epochs': 1, 'batch_size': 64, 'malicious': False}
fit_ins: {'epochs': 1, 'batch_size': 64, 'malicious': False}
[2m[36m(launch_and_fit pid=19480)[0m CLIENT CONFIG {'epochs': 1, 'batch_size': 64, 'malicious': True, 'magnitude': 10}
[2m[36m(launch_and_fit pid=19479)[0m CLIENT CONFIG {'epochs': 1, 'batch_size': 64, 'malicious': True, 'magnitude': 10}
[2m[36m(launch_and_fit pid=19478)[0m CLIENT CONFIG {'epochs': 1, 'batch_size': 64, 'malicious': True, 'magnitude': 10}
[2m[36m(launch_and_fit pid=19477)[0m CLIENT CONFIG {'epochs': 1, 'batch_size': 64, 'malicious': True, 'magnitude': 10}
[2m[36m(launch_and_fit pid=19480)[0m CLIENT CONFIG {'epochs': 1, 'batch_size': 64, 'malicious': True, 'magnitude': 10}
[2m[36m(launch_and_fit pid=19478)[0m CLIENT CONFIG {'epochs': 1, 'batch_size': 64, 'malicious': True, 'magnitude': 10}
[2m[36m(launch_and_fit pid=19477)[0m CLIENT CONFIG {'epochs': 1, 'batch_size': 64, 'malicious': False}
[2m[36m(launch_and_fit pid=19479)[0m CLIENT CONFIG {'epochs': 1, 'batch_size': 64, 'malicious': True, 'magnitude': 10}
FAILURES: 
[]
[2m[36m(launch_and_fit pid=19480)[0m CLIENT CONFIG {'epochs': 1, 'batch_size': 64, 'malicious': False}
[2m[36m(launch_and_fit pid=19478)[0m CLIENT CONFIG {'epochs': 1, 'batch_size': 64, 'malicious': False}
Accuracy of the network on the 10000 test images: 0.0974
[2m[36m(launch_and_evaluate pid=19480)[0m Accuracy of the network on the 10000 test images: 0.236
[2m[36m(launch_and_evaluate pid=19478)[0m Accuracy of the network on the 10000 test images: 0.215
[2m[36m(launch_and_evaluate pid=19477)[0m Accuracy of the network on the 10000 test images: 0.235
[2m[36m(launch_and_evaluate pid=19479)[0m Accuracy of the network on the 10000 test images: 0.225
[2m[36m(launch_and_evaluate pid=19480)[0m Accuracy of the network on the 10000 test images: 0.219
[2m[36m(launch_and_evaluate pid=19478)[0m Accuracy of the network on the 10000 test images: 0.215
[2m[36m(launch_and_evaluate pid=19477)[0m Accuracy of the network on the 10000 test images: 0.215
[2m[36m(launch_and_evaluate pid=19479)[0m Accuracy of the network on the 10000 test images: 0.225
sample size: 10
num m: 7
fit_ins: {'epochs': 1, 'batch_size': 64, 'malicious': True, 'magnitude': 10}
fit_ins: {'epochs': 1, 'batch_size': 64, 'malicious': True, 'magnitude': 10}
fit_ins: {'epochs': 1, 'batch_size': 64, 'malicious': True, 'magnitude': 10}
fit_ins: {'epochs': 1, 'batch_size': 64, 'malicious': True, 'magnitude': 10}
fit_ins: {'epochs': 1, 'batch_size': 64, 'malicious': True, 'magnitude': 10}
fit_ins: {'epochs': 1, 'batch_size': 64, 'malicious': True, 'magnitude': 10}
fit_ins: {'epochs': 1, 'batch_size': 64, 'malicious': True, 'magnitude': 10}
fit_ins: {'epochs': 1, 'batch_size': 64, 'malicious': False}
fit_ins: {'epochs': 1, 'batch_size': 64, 'malicious': False}
fit_ins: {'epochs': 1, 'batch_size': 64, 'malicious': False}
[2m[36m(launch_and_evaluate pid=19480)[0m Accuracy of the network on the 10000 test images: 0.232
[2m[36m(launch_and_evaluate pid=19478)[0m Accuracy of the network on the 10000 test images: 0.227
